<?xml version="1.0" encoding="UTF-8" ?>
<testsuite tests="1" failures="0" name="bttc.BoardTest" time="0.006" errors="0" skipped="0">
  <properties>
    <property name="java.runtime.name" value="Java(TM) SE Runtime Environment"/>
    <property name="sun.boot.library.path" value="D:\CapGemini\jdks\jdk-8u112\jre\bin"/>
    <property name="java.vm.version" value="25.112-b15"/>
    <property name="java.vm.vendor" value="Oracle Corporation"/>
    <property name="maven.multiModuleProjectDirectory" value="D:\Workspace\github\CG\codingame\multiplayers\backToTheCode"/>
    <property name="java.vendor.url" value="http://java.oracle.com/"/>
    <property name="path.separator" value=";"/>
    <property name="guice.disable.misplaced.annotation.check" value="true"/>
    <property name="java.vm.name" value="Java HotSpot(TM) 64-Bit Server VM"/>
    <property name="file.encoding.pkg" value="sun.io"/>
    <property name="user.script" value=""/>
    <property name="user.country" value="FR"/>
    <property name="sun.java.launcher" value="SUN_STANDARD"/>
    <property name="sun.os.patch.level" value="Service Pack 1"/>
    <property name="java.vm.specification.name" value="Java Virtual Machine Specification"/>
    <property name="user.dir" value="D:\Workspace\github\CG\codingame\multiplayers\backToTheCode"/>
    <property name="java.runtime.version" value="1.8.0_112-b15"/>
    <property name="java.awt.graphicsenv" value="sun.awt.Win32GraphicsEnvironment"/>
    <property name="java.endorsed.dirs" value="D:\CapGemini\jdks\jdk-8u112\jre\lib\endorsed"/>
    <property name="os.arch" value="amd64"/>
    <property name="java.io.tmpdir" value="C:\Users\nmahoude\AppData\Local\Temp\"/>
    <property name="line.separator" value="
"/>
    <property name="java.vm.specification.vendor" value="Oracle Corporation"/>
    <property name="user.variant" value=""/>
    <property name="os.name" value="Windows 7"/>
    <property name="classworlds.conf" value="D:\CapGemini\eclipse_workspaces\workspace-neon\.metadata\.plugins\org.eclipse.m2e.launching\launches\m2conf8828242229974086891.tmp"/>
    <property name="sun.jnu.encoding" value="Cp1252"/>
    <property name="java.library.path" value="D:\CapGemini\jdks\jdk-8u112\bin;C:\WINDOWS\Sun\Java\bin;C:\WINDOWS\system32;C:\WINDOWS;C:\Program Files\Java\jdk1.8.0_112\bin;C:\mingw\bin;D:\tools\maven\apache-maven-3.3.9\bin;%JAVA_HOME%\bin;C:\WINDOWS\system32;C:\WINDOWS;C:\WINDOWS\System32\Wbem;C:\WINDOWS\System32\WindowsPowerShell\v1.0\;C:\WINDOWS\System32\WindowsPowerShell\v1.0\;C:\Program Files (x86)\Lenovo\Access Connections\;C:\Program Files\Git\bin;c:\Program Files\Git\bin;C:\Program Files\TortoiseSVN\bin;C:\ProgramData\chocolatey\bin;;C:\WINDOWS\System32\WindowsPowerShell\v1.0\;D:\CapGemini\eclipses\forge-distribution-3.4.0.Final\bin;D:\Program Files\nodejs\;C:\WINDOWS\System32\WindowsPowerShell\v1.0\;;C:\Users\nmahoude\AppData\Local\atom\bin;C:\Program Files (x86)\Microsoft VS Code\bin;C:\Program Files\Docker Toolbox;C:\Users\nmahoude\AppData\Roaming\npm;."/>
    <property name="java.specification.name" value="Java Platform API Specification"/>
    <property name="java.class.version" value="52.0"/>
    <property name="sun.management.compiler" value="HotSpot 64-Bit Tiered Compilers"/>
    <property name="os.version" value="6.1"/>
    <property name="user.home" value="C:\Users\nmahoude"/>
    <property name="user.timezone" value="Europe/Paris"/>
    <property name="java.awt.printerjob" value="sun.awt.windows.WPrinterJob"/>
    <property name="java.specification.version" value="1.8"/>
    <property name="file.encoding" value="UTF-8"/>
    <property name="user.name" value="nmahoude"/>
    <property name="java.class.path" value="/D:/CapGemini/eclipses/eclipse-neon/plugins/org.eclipse.m2e.maven.runtime_1.7.1.20161104-1803/jars/plexus-classworlds-2.5.2.jar"/>
    <property name="java.vm.specification.version" value="1.8"/>
    <property name="sun.arch.data.model" value="64"/>
    <property name="java.home" value="D:\CapGemini\jdks\jdk-8u112\jre"/>
    <property name="sun.java.command" value="org.codehaus.plexus.classworlds.launcher.Launcher -B -s D:\tools\maven\config\settings.xml install"/>
    <property name="java.specification.vendor" value="Oracle Corporation"/>
    <property name="user.language" value="fr"/>
    <property name="awt.toolkit" value="sun.awt.windows.WToolkit"/>
    <property name="java.vm.info" value="mixed mode"/>
    <property name="java.version" value="1.8.0_112"/>
    <property name="java.ext.dirs" value="D:\CapGemini\jdks\jdk-8u112\jre\lib\ext;C:\WINDOWS\Sun\Java\lib\ext"/>
    <property name="sun.boot.class.path" value="D:\CapGemini\jdks\jdk-8u112\jre\lib\resources.jar;D:\CapGemini\jdks\jdk-8u112\jre\lib\rt.jar;D:\CapGemini\jdks\jdk-8u112\jre\lib\sunrsasign.jar;D:\CapGemini\jdks\jdk-8u112\jre\lib\jsse.jar;D:\CapGemini\jdks\jdk-8u112\jre\lib\jce.jar;D:\CapGemini\jdks\jdk-8u112\jre\lib\charsets.jar;D:\CapGemini\jdks\jdk-8u112\jre\lib\jfr.jar;D:\CapGemini\jdks\jdk-8u112\jre\classes"/>
    <property name="java.vendor" value="Oracle Corporation"/>
    <property name="maven.home" value="D:\Workspace\github\CG\codingame\multiplayers\backToTheCode\EMBEDDED"/>
    <property name="file.separator" value="\"/>
    <property name="java.vendor.url.bug" value="http://bugreport.sun.com/bugreport/"/>
    <property name="sun.cpu.endian" value="little"/>
    <property name="sun.io.unicode.encoding" value="UnicodeLittle"/>
    <property name="sun.desktop" value="windows"/>
    <property name="sun.cpu.isalist" value="amd64"/>
  </properties>
  <testcase classname="bttc.BoardTest" name="boardScores" time="0.006"/>
</testsuite>